0 info it worked if it ends with ok
1 verbose cli [ '/usr/bin/nodejs', '/usr/bin/npm', 'run', 'test' ]
2 info using npm@3.5.2
3 info using node@v4.2.6
4 verbose run-script [ 'pretest', 'test', 'posttest' ]
5 info lifecycle casper-contract@0.0.1~pretest: casper-contract@0.0.1
6 silly lifecycle casper-contract@0.0.1~pretest: no script for pretest, continuing
7 info lifecycle casper-contract@0.0.1~test: casper-contract@0.0.1
8 verbose lifecycle casper-contract@0.0.1~test: unsafe-perm in lifecycle true
9 verbose lifecycle casper-contract@0.0.1~test: PATH: /usr/share/npm/bin/node-gyp-bin:/home/dmitry/work/pre_ico/node_modules/.bin:/home/dmitry/bin:/home/dmitry/.local/bin:/usr/local/sbin:/usr/local/bin:/usr/sbin:/usr/bin:/sbin:/bin:/usr/games:/usr/local/games
10 verbose lifecycle casper-contract@0.0.1~test: CWD: /home/dmitry/work/pre_ico
11 silly lifecycle casper-contract@0.0.1~test: Args: [ '-c', 'truffle test --network development' ]
12 silly lifecycle casper-contract@0.0.1~test: Returned: code: 1  signal: null
13 info lifecycle casper-contract@0.0.1~test: Failed to exec test script
14 verbose stack Error: casper-contract@0.0.1 test: `truffle test --network development`
14 verbose stack Exit status 1
14 verbose stack     at EventEmitter.<anonymous> (/usr/share/npm/lib/utils/lifecycle.js:232:16)
14 verbose stack     at emitTwo (events.js:87:13)
14 verbose stack     at EventEmitter.emit (events.js:172:7)
14 verbose stack     at ChildProcess.<anonymous> (/usr/share/npm/lib/utils/spawn.js:24:14)
14 verbose stack     at emitTwo (events.js:87:13)
14 verbose stack     at ChildProcess.emit (events.js:172:7)
14 verbose stack     at maybeClose (internal/child_process.js:821:16)
14 verbose stack     at Process.ChildProcess._handle.onexit (internal/child_process.js:211:5)
15 verbose pkgid casper-contract@0.0.1
16 verbose cwd /home/dmitry/work/pre_ico
17 error Linux 4.10.0-38-generic
18 error argv "/usr/bin/nodejs" "/usr/bin/npm" "run" "test"
19 error node v4.2.6
20 error npm  v3.5.2
21 error code ELIFECYCLE
22 error casper-contract@0.0.1 test: `truffle test --network development`
22 error Exit status 1
23 error Failed at the casper-contract@0.0.1 test script 'truffle test --network development'.
23 error Make sure you have the latest version of node.js and npm installed.
23 error If you do, this is most likely a problem with the casper-contract package,
23 error not with npm itself.
23 error Tell the author that this fails on your system:
23 error     truffle test --network development
23 error You can get information on how to open an issue for this project with:
23 error     npm bugs casper-contract
23 error Or if that isn't available, you can get their info via:
23 error     npm owner ls casper-contract
23 error There is likely additional logging output above.
24 verbose exit [ 1, true ]
